<?xml version="1.0" encoding="utf-8" standalone="no"?>
<!--This file represents the results of running a test suite-->
<test-results name="G:\QUALITY_ASSURANCE_ASSIGNMENTS\DWAssignment2PROG2070\DWAssignment2PROG2070\bin\Debug\DWAssignment2PROG2070.exe" total="0" errors="0" failures="0" not-run="0" inconclusive="0" ignored="0" skipped="0" invalid="0" date="2017-02-13" time="13:38:39">
  <environment nunit-version="2.6.4.14350" clr-version="2.0.50727.5485" os-version="Microsoft Windows NT 6.1.7601 Service Pack 1" platform="Win32NT" cwd="C:\Program Files (x86)\NUnit 2.6.4\bin" machine-name="2A411-B02" user="dwagner6506" user-domain="CONESTOGAC" />
  <culture-info current-culture="en-US" current-uiculture="en-US" />
  <test-suite type="Assembly" name="G:\QUALITY_ASSURANCE_ASSIGNMENTS\DWAssignment2PROG2070\DWAssignment2PROG2070\bin\Debug\DWAssignment2PROG2070.exe" executed="True" result="Inconclusive" success="False" time="0.008" asserts="0" />
</test-results>